2021-02-22 04:39:12 info: --------------------------------------------
2021-02-22 04:39:12 info: >>> Running Unit Test `ex4-shoppingCart` <<<
2021-02-22 04:39:12 info: --------------------------------------------
2021-02-22 04:39:17 info: All unit tests passed.
2021-02-22 04:39:21 info: All steps were completed successfully
2021-02-22 04:40:34 info: --------------------------------------------
2021-02-22 04:40:34 info: >>> Running Unit Test `ex4-shoppingCart` <<<
2021-02-22 04:40:34 info: --------------------------------------------
2021-02-22 04:40:38 info: All unit tests passed.
2021-02-22 04:40:42 info: All steps were completed successfully
2021-02-22 04:44:35 info: -----------------------------------------
2021-02-22 04:44:35 info: >>> Running Unit Test `ex6-totalCost` <<<
2021-02-22 04:44:35 info: -----------------------------------------
2021-02-22 04:44:39 info: All unit tests passed.
2021-02-22 04:44:43 info: All steps were completed successfully
2021-02-22 04:59:49 info: -------------------------------------------
2021-02-22 04:59:49 info: >>> Running Unit Test `ex7-mindPrivacy` <<<
2021-02-22 04:59:49 info: -------------------------------------------
2021-02-22 04:59:54 info: All unit tests passed.
2021-02-22 04:59:58 info: All steps were completed successfully
